<?xml version="1.0" encoding="UTF-8"?>
<!-- Generated by org.testng.reporters.JUnitReportReporter -->
<testsuite skipped="0" hostname="Arjun" name="com.Aaadhar_app" tests="1" failures="0" timestamp="2022-10-20T22:08:37 IST" time="38.170" errors="0">
  <testcase name="app_test" time="38.170" classname="com.Aaadhar_app"/>
  <system-out/>
</testsuite> <!-- com.Aaadhar_app -->
